<html>
<head>
<title>TestNG:  US 208170</title>
<link href="../testng.css" rel="stylesheet" type="text/css" />
<link href="../my-testng.css" rel="stylesheet" type="text/css" />

<style type="text/css">
.log { display: none;} 
.stack-trace { display: none;} 
</style>
<script type="text/javascript">
<!--
function flip(e) {
  current = e.style.display;
  if (current == 'block') {
    e.style.display = 'none';
    return 0;
  }
  else {
    e.style.display = 'block';
    return 1;
  }
}

function toggleBox(szDivId, elem, msg1, msg2)
{
  var res = -1;  if (document.getElementById) {
    res = flip(document.getElementById(szDivId));
  }
  else if (document.all) {
    // this is the way old msie versions work
    res = flip(document.all[szDivId]);
  }
  if(elem) {
    if(res == 0) elem.innerHTML = msg1; else elem.innerHTML = msg2;
  }

}

function toggleAllBoxes() {
  if (document.getElementsByTagName) {
    d = document.getElementsByTagName('div');
    for (i = 0; i < d.length; i++) {
      if (d[i].className == 'log') {
        flip(d[i]);
      }
    }
  }
}

// -->
</script>

</head>
<body>
<h2 align='center'>US 208170</h2><table border='1' align="center">
<tr>
<td>Tests passed/Failed/Skipped:</td><td>21/3/0</td>
</tr><tr>
<td>Started on:</td><td>Wed May 30 17:46:05 IST 2018</td>
</tr>
<tr><td>Total time:</td><td>1150 seconds (1150083 ms)</td>
</tr><tr>
<td>Included groups:</td><td></td>
</tr><tr>
<td>Excluded groups:</td><td></td>
</tr>
</table><p/>
<small><i>(Hover the method name to see the test class name)</i></small><p/>
<table width='100%' border='1' class='invocation-failed'>
<tr><td colspan='4' align='center'><b>FAILED TESTS</b></td></tr>
<tr><td><b>Test method</b></td>
<td width="30%"><b>Exception</b></td>
<td width="10%"><b>Time (seconds)</b></td>
<td><b>Instance</b></td>
</tr>
<tr>
<td title='main.NewUserStories.US_208170.tc_01()'><b>tc_01</b><br>Test class: main.NewUserStories.US_208170</td>
<td><div><pre>java.lang.AssertionError: null
	at main.NewUserStories.US_208170.tc_01(US_208170.java:86)
... Removed 26 stack frames</pre></div><a href='#' onClick='toggleBox("stack-trace1797648156", this, "Click to show all stack frames", "Click to hide stack frames")'>Click to show all stack frames</a>
<div class='stack-trace' id='stack-trace1797648156'><pre>java.lang.AssertionError: null
	at org.testng.Assert.fail(Assert.java:94)
	at org.testng.Assert.fail(Assert.java:101)
	at main.NewUserStories.US_208170.tc_01(US_208170.java:86)
	at sun.reflect.NativeMethodAccessorImpl.invoke0(Native Method)
	at sun.reflect.NativeMethodAccessorImpl.invoke(Unknown Source)
	at sun.reflect.DelegatingMethodAccessorImpl.invoke(Unknown Source)
	at java.lang.reflect.Method.invoke(Unknown Source)
	at org.testng.internal.MethodInvocationHelper.invokeMethod(MethodInvocationHelper.java:85)
	at org.testng.internal.Invoker.invokeMethod(Invoker.java:639)
	at org.testng.internal.Invoker.invokeTestMethod(Invoker.java:816)
	at org.testng.internal.Invoker.invokeTestMethods(Invoker.java:1124)
	at org.testng.internal.TestMethodWorker.invokeTestMethods(TestMethodWorker.java:125)
	at org.testng.internal.TestMethodWorker.run(TestMethodWorker.java:108)
	at org.testng.TestRunner.privateRun(TestRunner.java:774)
	at org.testng.TestRunner.run(TestRunner.java:624)
	at org.testng.SuiteRunner.runTest(SuiteRunner.java:359)
	at org.testng.SuiteRunner.runSequentially(SuiteRunner.java:354)
	at org.testng.SuiteRunner.privateRun(SuiteRunner.java:312)
	at org.testng.SuiteRunner.run(SuiteRunner.java:261)
	at org.testng.SuiteRunnerWorker.runSuite(SuiteRunnerWorker.java:52)
	at org.testng.SuiteRunnerWorker.run(SuiteRunnerWorker.java:86)
	at org.testng.TestNG.runSuitesSequentially(TestNG.java:1215)
	at org.testng.TestNG.runSuitesLocally(TestNG.java:1140)
	at org.testng.TestNG.run(TestNG.java:1048)
	at org.testng.remote.AbstractRemoteTestNG.run(AbstractRemoteTestNG.java:126)
	at org.testng.remote.RemoteTestNG.initAndRun(RemoteTestNG.java:137)
	at org.testng.remote.RemoteTestNG.main(RemoteTestNG.java:58)
</pre></div></td>
<td>34</td>
<td>main.NewUserStories.US_208170@475530b9</td></tr>
<tr>
<td title='main.NewUserStories.US_208170.tc_09()'><b>tc_09</b><br>Test class: main.NewUserStories.US_208170</td>
<td><div><pre>java.lang.AssertionError: null
	at main.NewUserStories.US_208170.tc_09(US_208170.java:635)
... Removed 26 stack frames</pre></div><a href='#' onClick='toggleBox("stack-trace1563929103", this, "Click to show all stack frames", "Click to hide stack frames")'>Click to show all stack frames</a>
<div class='stack-trace' id='stack-trace1563929103'><pre>java.lang.AssertionError: null
	at org.testng.Assert.fail(Assert.java:94)
	at org.testng.Assert.fail(Assert.java:101)
	at main.NewUserStories.US_208170.tc_09(US_208170.java:635)
	at sun.reflect.NativeMethodAccessorImpl.invoke0(Native Method)
	at sun.reflect.NativeMethodAccessorImpl.invoke(Unknown Source)
	at sun.reflect.DelegatingMethodAccessorImpl.invoke(Unknown Source)
	at java.lang.reflect.Method.invoke(Unknown Source)
	at org.testng.internal.MethodInvocationHelper.invokeMethod(MethodInvocationHelper.java:85)
	at org.testng.internal.Invoker.invokeMethod(Invoker.java:639)
	at org.testng.internal.Invoker.invokeTestMethod(Invoker.java:816)
	at org.testng.internal.Invoker.invokeTestMethods(Invoker.java:1124)
	at org.testng.internal.TestMethodWorker.invokeTestMethods(TestMethodWorker.java:125)
	at org.testng.internal.TestMethodWorker.run(TestMethodWorker.java:108)
	at org.testng.TestRunner.privateRun(TestRunner.java:774)
	at org.testng.TestRunner.run(TestRunner.java:624)
	at org.testng.SuiteRunner.runTest(SuiteRunner.java:359)
	at org.testng.SuiteRunner.runSequentially(SuiteRunner.java:354)
	at org.testng.SuiteRunner.privateRun(SuiteRunner.java:312)
	at org.testng.SuiteRunner.run(SuiteRunner.java:261)
	at org.testng.SuiteRunnerWorker.runSuite(SuiteRunnerWorker.java:52)
	at org.testng.SuiteRunnerWorker.run(SuiteRunnerWorker.java:86)
	at org.testng.TestNG.runSuitesSequentially(TestNG.java:1215)
	at org.testng.TestNG.runSuitesLocally(TestNG.java:1140)
	at org.testng.TestNG.run(TestNG.java:1048)
	at org.testng.remote.AbstractRemoteTestNG.run(AbstractRemoteTestNG.java:126)
	at org.testng.remote.RemoteTestNG.initAndRun(RemoteTestNG.java:137)
	at org.testng.remote.RemoteTestNG.main(RemoteTestNG.java:58)
</pre></div></td>
<td>21</td>
<td>main.NewUserStories.US_208170@475530b9</td></tr>
<tr>
<td title='main.NewUserStories.US_208170.tc_17()'><b>tc_17</b><br>Test class: main.NewUserStories.US_208170</td>
<td><div><pre>java.lang.AssertionError: null
	at main.NewUserStories.US_208170.tc_17(US_208170.java:1182)
... Removed 26 stack frames</pre></div><a href='#' onClick='toggleBox("stack-trace1107717901", this, "Click to show all stack frames", "Click to hide stack frames")'>Click to show all stack frames</a>
<div class='stack-trace' id='stack-trace1107717901'><pre>java.lang.AssertionError: null
	at org.testng.Assert.fail(Assert.java:94)
	at org.testng.Assert.fail(Assert.java:101)
	at main.NewUserStories.US_208170.tc_17(US_208170.java:1182)
	at sun.reflect.NativeMethodAccessorImpl.invoke0(Native Method)
	at sun.reflect.NativeMethodAccessorImpl.invoke(Unknown Source)
	at sun.reflect.DelegatingMethodAccessorImpl.invoke(Unknown Source)
	at java.lang.reflect.Method.invoke(Unknown Source)
	at org.testng.internal.MethodInvocationHelper.invokeMethod(MethodInvocationHelper.java:85)
	at org.testng.internal.Invoker.invokeMethod(Invoker.java:639)
	at org.testng.internal.Invoker.invokeTestMethod(Invoker.java:816)
	at org.testng.internal.Invoker.invokeTestMethods(Invoker.java:1124)
	at org.testng.internal.TestMethodWorker.invokeTestMethods(TestMethodWorker.java:125)
	at org.testng.internal.TestMethodWorker.run(TestMethodWorker.java:108)
	at org.testng.TestRunner.privateRun(TestRunner.java:774)
	at org.testng.TestRunner.run(TestRunner.java:624)
	at org.testng.SuiteRunner.runTest(SuiteRunner.java:359)
	at org.testng.SuiteRunner.runSequentially(SuiteRunner.java:354)
	at org.testng.SuiteRunner.privateRun(SuiteRunner.java:312)
	at org.testng.SuiteRunner.run(SuiteRunner.java:261)
	at org.testng.SuiteRunnerWorker.runSuite(SuiteRunnerWorker.java:52)
	at org.testng.SuiteRunnerWorker.run(SuiteRunnerWorker.java:86)
	at org.testng.TestNG.runSuitesSequentially(TestNG.java:1215)
	at org.testng.TestNG.runSuitesLocally(TestNG.java:1140)
	at org.testng.TestNG.run(TestNG.java:1048)
	at org.testng.remote.AbstractRemoteTestNG.run(AbstractRemoteTestNG.java:126)
	at org.testng.remote.RemoteTestNG.initAndRun(RemoteTestNG.java:137)
	at org.testng.remote.RemoteTestNG.main(RemoteTestNG.java:58)
</pre></div></td>
<td>46</td>
<td>main.NewUserStories.US_208170@475530b9</td></tr>
</table><p>
<table width='100%' border='1' class='invocation-passed'>
<tr><td colspan='4' align='center'><b>PASSED TESTS</b></td></tr>
<tr><td><b>Test method</b></td>
<td width="30%"><b>Exception</b></td>
<td width="10%"><b>Time (seconds)</b></td>
<td><b>Instance</b></td>
</tr>
<tr>
<td title='main.NewUserStories.US_208170.tc_02()'><b>tc_02</b><br>Test class: main.NewUserStories.US_208170</td>
<td></td>
<td>43</td>
<td>main.NewUserStories.US_208170@475530b9</td></tr>
<tr>
<td title='main.NewUserStories.US_208170.tc_03()'><b>tc_03</b><br>Test class: main.NewUserStories.US_208170</td>
<td></td>
<td>48</td>
<td>main.NewUserStories.US_208170@475530b9</td></tr>
<tr>
<td title='main.NewUserStories.US_208170.tc_04()'><b>tc_04</b><br>Test class: main.NewUserStories.US_208170</td>
<td></td>
<td>42</td>
<td>main.NewUserStories.US_208170@475530b9</td></tr>
<tr>
<td title='main.NewUserStories.US_208170.tc_05()'><b>tc_05</b><br>Test class: main.NewUserStories.US_208170</td>
<td></td>
<td>47</td>
<td>main.NewUserStories.US_208170@475530b9</td></tr>
<tr>
<td title='main.NewUserStories.US_208170.tc_06()'><b>tc_06</b><br>Test class: main.NewUserStories.US_208170</td>
<td></td>
<td>39</td>
<td>main.NewUserStories.US_208170@475530b9</td></tr>
<tr>
<td title='main.NewUserStories.US_208170.tc_07()'><b>tc_07</b><br>Test class: main.NewUserStories.US_208170</td>
<td></td>
<td>27</td>
<td>main.NewUserStories.US_208170@475530b9</td></tr>
<tr>
<td title='main.NewUserStories.US_208170.tc_08()'><b>tc_08</b><br>Test class: main.NewUserStories.US_208170</td>
<td></td>
<td>39</td>
<td>main.NewUserStories.US_208170@475530b9</td></tr>
<tr>
<td title='main.NewUserStories.US_208170.tc_10()'><b>tc_10</b><br>Test class: main.NewUserStories.US_208170</td>
<td></td>
<td>36</td>
<td>main.NewUserStories.US_208170@475530b9</td></tr>
<tr>
<td title='main.NewUserStories.US_208170.tc_11()'><b>tc_11</b><br>Test class: main.NewUserStories.US_208170</td>
<td></td>
<td>46</td>
<td>main.NewUserStories.US_208170@475530b9</td></tr>
<tr>
<td title='main.NewUserStories.US_208170.tc_12()'><b>tc_12</b><br>Test class: main.NewUserStories.US_208170</td>
<td></td>
<td>53</td>
<td>main.NewUserStories.US_208170@475530b9</td></tr>
<tr>
<td title='main.NewUserStories.US_208170.tc_13()'><b>tc_13</b><br>Test class: main.NewUserStories.US_208170</td>
<td></td>
<td>39</td>
<td>main.NewUserStories.US_208170@475530b9</td></tr>
<tr>
<td title='main.NewUserStories.US_208170.tc_14()'><b>tc_14</b><br>Test class: main.NewUserStories.US_208170</td>
<td></td>
<td>54</td>
<td>main.NewUserStories.US_208170@475530b9</td></tr>
<tr>
<td title='main.NewUserStories.US_208170.tc_15()'><b>tc_15</b><br>Test class: main.NewUserStories.US_208170</td>
<td></td>
<td>42</td>
<td>main.NewUserStories.US_208170@475530b9</td></tr>
<tr>
<td title='main.NewUserStories.US_208170.tc_16()'><b>tc_16</b><br>Test class: main.NewUserStories.US_208170</td>
<td></td>
<td>58</td>
<td>main.NewUserStories.US_208170@475530b9</td></tr>
<tr>
<td title='main.NewUserStories.US_208170.tc_18()'><b>tc_18</b><br>Test class: main.NewUserStories.US_208170</td>
<td></td>
<td>48</td>
<td>main.NewUserStories.US_208170@475530b9</td></tr>
<tr>
<td title='main.NewUserStories.US_208170.tc_19()'><b>tc_19</b><br>Test class: main.NewUserStories.US_208170</td>
<td></td>
<td>45</td>
<td>main.NewUserStories.US_208170@475530b9</td></tr>
<tr>
<td title='main.NewUserStories.US_208170.tc_20()'><b>tc_20</b><br>Test class: main.NewUserStories.US_208170</td>
<td></td>
<td>41</td>
<td>main.NewUserStories.US_208170@475530b9</td></tr>
<tr>
<td title='main.NewUserStories.US_208170.tc_21()'><b>tc_21</b><br>Test class: main.NewUserStories.US_208170</td>
<td></td>
<td>60</td>
<td>main.NewUserStories.US_208170@475530b9</td></tr>
<tr>
<td title='main.NewUserStories.US_208170.tc_22()'><b>tc_22</b><br>Test class: main.NewUserStories.US_208170</td>
<td></td>
<td>61</td>
<td>main.NewUserStories.US_208170@475530b9</td></tr>
<tr>
<td title='main.NewUserStories.US_208170.tc_23()'><b>tc_23</b><br>Test class: main.NewUserStories.US_208170</td>
<td></td>
<td>50</td>
<td>main.NewUserStories.US_208170@475530b9</td></tr>
<tr>
<td title='main.NewUserStories.US_208170.tc_24()'><b>tc_24</b><br>Test class: main.NewUserStories.US_208170</td>
<td></td>
<td>51</td>
<td>main.NewUserStories.US_208170@475530b9</td></tr>
</table><p>
</body>
</html>